JvmtiExport can_access_local_variables 0
JvmtiExport can_hotswap_or_post_breakpoint 0
JvmtiExport can_post_on_exceptions 0
# 334 ciObject found
ciMethodData javax/swing/JComponent getHeight ()I 2 43506 orig 264 88 115 145 99 0 0 0 0 56 209 9 215 0 0 0 0 48 1 0 0 0 0 0 0 0 0 0 0 0 0 0 0 0 0 0 0 0 0 0 0 0 0 0 0 0 0 0 0 0 0 0 0 0 0 0 0 0 0 0 0 0 0 0 0 0 0 0 0 0 0 0 0 0 0 0 0 0 0 0 0 77 68 79 32 101 120 116 114 97 32 100 97 116 97 32 108 111 99 107 0 0 0 0 0 0 0 0 0 0 0 0 0 0 0 0 0 0 0 0 0 0 0 0 0 0 0 0 0 0 0 0 0 0 0 0 0 0 0 0 0 0 0 0 0 0 0 0 0 0 0 0 0 0 0 0 0 0 0 0 0 0 0 0 0 0 0 0 0 0 0 0 0 0 0 0 0 0 0 0 0 0 0 0 0 0 0 0 0 0 0 0 0 0 0 0 0 0 0 0 0 0 0 0 0 0 0 0 0 0 0 0 0 0 0 0 0 0 2 0 0 145 63 5 0 1 0 0 0 0 0 0 0 0 0 0 0 2 0 0 0 0 0 3 0 2 0 0 0 16 0 0 0 255 255 255 255 2 0 1 0 0 0 0 0 data 2 0x10002 0xa7f2 oops 0
ciMethod java/lang/Object <init> ()V 4097 1 2051517 0 96
ciMethod java/lang/String length ()I 4097 1 613878 0 -1
ciMethod java/lang/String charAt (I)C 4097 1 1632817 0 -1
ciMethod java/lang/String equals (Ljava/lang/Object;)Z 2665 32769 8421 0 -1
ciMethod java/util/Map get (Ljava/lang/Object;)Ljava/lang/Object; 0 0 1 0 -1
ciMethod java/util/Map put (Ljava/lang/Object;Ljava/lang/Object;)Ljava/lang/Object; 0 0 1 0 -1
ciMethod sun/misc/Unsafe ensureClassInitialized (Ljava/lang/Class;)V 2049 1 256 0 -1
ciMethod java/security/AccessController doPrivileged (Ljava/security/PrivilegedAction;)Ljava/lang/Object; 2049 1 256 0 -1
ciMethod java/util/List size ()I 0 0 1 0 -1
ciMethod java/util/List add (Ljava/lang/Object;)Z 0 0 1 0 -1
ciMethod java/util/List get (I)Ljava/lang/Object; 0 0 1 0 -1
ciMethod java/util/ArrayList <init> ()V 4097 1 56102 0 -1
ciMethod java/lang/ThreadLocal get ()Ljava/lang/Object; 4097 1 13934 0 -1
ciMethod java/util/concurrent/atomic/AtomicInteger get ()I 1841 1 230 0 0
ciMethodData java/lang/Object <init> ()V 2 2051525 orig 264 88 115 145 99 0 0 0 0 128 4 13 127 0 0 0 0 32 1 0 0 0 0 0 0 0 0 0 0 0 0 0 0 0 0 0 0 0 0 0 0 0 0 0 0 0 0 0 0 0 0 0 0 0 0 0 0 0 0 0 0 0 0 0 0 0 0 0 0 0 0 0 0 0 0 0 0 0 0 0 0 77 68 79 32 101 120 116 114 97 32 100 97 116 97 32 108 111 99 107 0 0 0 0 0 0 0 0 0 0 0 0 0 0 0 0 0 0 0 0 0 0 0 0 0 0 0 0 0 0 0 0 0 0 0 0 0 0 0 0 0 0 0 0 0 0 0 0 0 0 0 0 0 0 0 0 0 0 0 0 0 0 0 0 0 0 0 0 0 0 0 0 0 0 0 0 0 0 0 0 0 0 0 0 0 1 0 0 0 0 0 0 0 1 0 0 0 0 0 0 0 1 0 0 0 0 0 0 0 0 0 0 0 0 0 0 0 0 2 0 0 41 94 250 0 1 0 0 0 0 0 0 0 0 0 0 0 2 0 0 0 0 0 0 0 0 0 0 0 0 0 0 0 255 255 255 255 0 0 0 0 0 0 0 0 data 0 oops 0
ciMethod java/util/concurrent/atomic/AtomicBoolean getAndSet (Z)Z 1 1 2186 0 -1
ciMethod java/util/Collections$SynchronizedMap get (Ljava/lang/Object;)Ljava/lang/Object; 121 1 6469 0 768
ciMethod java/util/IdentityHashMap maskNull (Ljava/lang/Object;)Ljava/lang/Object; 2137 1 27469 0 -1
ciMethod java/util/IdentityHashMap hash (Ljava/lang/Object;I)I 2193 1 29783 0 -1
ciMethod java/util/IdentityHashMap nextKeyIndex (II)I 761 1 10431 0 -1
ciMethod java/util/IdentityHashMap put (Ljava/lang/Object;Ljava/lang/Object;)Ljava/lang/Object; 2225 121 9629 0 0
ciMethod java/util/IdentityHashMap resize (I)Z 9 265 132 0 -1
ciMethod java/awt/Rectangle <init> (IIII)V 2049 1 93635 0 64
ciMethod java/awt/geom/Rectangle2D <init> ()V 2049 1 94427 0 0
ciMethod java/awt/geom/RectangularShape <init> ()V 2049 1 95188 0 0
ciMethod com/mathworks/util/PlatformInfo isWindows ()Z 713 1 98906 0 96
ciMethod com/mathworks/util/LanguageUtils isJapanese ()Z 2121 1 1300 0 0
ciMethod com/mathworks/util/LanguageUtils isKorean ()Z 2097 1 1297 0 0
ciMethod com/mathworks/util/LanguageUtils isChinese ()Z 2097 1 1297 0 0
ciMethod com/mathworks/util/LanguageUtils isCJK ()Z 2097 1 1297 0 0
ciMethod javax/swing/JComponent setFont (Ljava/awt/Font;)V 4097 1 14885 0 -1
ciMethod javax/swing/JComponent getClientProperty (Ljava/lang/Object;)Ljava/lang/Object; 953 1 5289 0 -1
ciMethod javax/swing/JComponent getWidth ()I 497 1 44114 0 32
ciMethod javax/swing/JComponent getHeight ()I 4097 1 43506 0 32
ciMethod javax/swing/JComponent repaint (JIIII)V 2057 1 41303 0 1888
ciMethod javax/swing/JComponent revalidate ()V 2441 1 5434 0 224
ciMethod java/awt/Container isValidateRoot ()Z 0 0 1 0 -1
ciMethod java/awt/Container invalidateParent ()V 2097 1 6437 0 96
ciMethod java/awt/Container invalidate ()V 33 1 6164 0 1024
ciMethod java/awt/Component getObjectLock ()Ljava/lang/Object; 1025 1 128 0 -1
ciMethod java/awt/Component getParent ()Ljava/awt/Container; 2145 1 23135 0 -1
ciMethod java/awt/Component getPeer ()Ljava/awt/peer/ComponentPeer; 1113 1 139 0 0
ciMethod java/awt/Component getTreeLock ()Ljava/lang/Object; 2073 1 181380 0 0
ciMethod java/awt/Component isValid ()Z 2113 1 71665 0 64
ciMethod java/awt/Component isVisible ()Z 2081 1 7654 0 -1
ciMethod java/awt/Component getWidth ()I 1049 1 131 0 0
ciMethod java/awt/Component getHeight ()I 1281 1 160 0 0
ciMethod java/awt/Component isPreferredSizeSet ()Z 1025 1 128 0 0
ciMethod java/awt/Component isMinimumSizeSet ()Z 1033 1 129 0 0
ciMethod java/awt/Component isMaximumSizeSet ()Z 1025 1 128 0 0
ciMethod java/awt/Component invalidate ()V 33 1 6156 0 832
ciMethod java/awt/Component invalidateParent ()V 2097 1 6437 0 0
ciMethod java/awt/Component invalidateIfValid ()V 3073 1 35972 0 96
ciMethod java/awt/Component repaint ()V 4097 1 38581 0 96
ciMethod java/awt/Component repaint (JIIII)V 41 1 5 0 -1
ciMethod java/awt/Toolkit getDefaultToolkit ()Ljava/awt/Toolkit; 2049 1 44011 0 -1
ciMethod java/awt/Toolkit getSystemEventQueue ()Ljava/awt/EventQueue; 17 1 455 0 -1
ciMethod sun/awt/AWTAccessor getComponentAccessor ()Lsun/awt/AWTAccessor$ComponentAccessor; 2057 1 21151 0 96
ciMethod sun/awt/AWTAccessor getMenuComponentAccessor ()Lsun/awt/AWTAccessor$MenuComponentAccessor; 0 0 1 0 -1
ciMethod sun/awt/AWTAccessor getEventQueueAccessor ()Lsun/awt/AWTAccessor$EventQueueAccessor; 1 1 8330 0 -1
ciMethod sun/awt/AWTAccessor$ComponentAccessor getAppContext (Ljava/awt/Component;)Lsun/awt/AppContext; 0 0 1 0 -1
ciMethod java/awt/Component$1 getAppContext (Ljava/awt/Component;)Lsun/awt/AppContext; 3193 1 10981 0 0
ciMethod javax/swing/SwingUtilities computeUnion (IIIILjava/awt/Rectangle;)Ljava/awt/Rectangle; 3033 1 2506 0 -1
ciMethod javax/swing/SwingUtilities appContextGet (Ljava/lang/Object;)Ljava/lang/Object; 2057 1 19189 0 160
ciMethod javax/swing/SwingUtilities appContextPut (Ljava/lang/Object;Ljava/lang/Object;)V 41 1 15 0 -1
ciMethod javax/swing/SwingUtilities getValidateRoot (Ljava/awt/Container;Z)Ljava/awt/Container; 4097 25 2600 0 -1
ciMethod sun/awt/AppContext getAppContext ()Lsun/awt/AppContext; 2129 1 6440 0 128
ciMethod sun/awt/AppContext get (Ljava/lang/Object;)Ljava/lang/Object; 2137 1 6661 0 2272
ciMethod sun/awt/AppContext put (Ljava/lang/Object;Ljava/lang/Object;)Ljava/lang/Object; 201 1 482 0 -1
ciMethod sun/awt/AppContext$3 <init> ()V 17 1 2 0 -1
ciMethod sun/awt/SunToolkit getAppContext (Ljava/lang/Object;)Lsun/awt/AppContext; 2049 1 11521 0 192
ciMethod sun/awt/SunToolkit targetToAppContext (Ljava/lang/Object;)Lsun/awt/AppContext; 16817 1 26588 0 1024
ciMethod sun/awt/SunToolkit isDispatchThreadForAppContext (Ljava/lang/Object;)Z 16737 1 7580 0 2240
ciMethod sun/awt/SunToolkit getSystemEventQueueImplPP (Lsun/awt/AppContext;)Ljava/awt/EventQueue; 3073 1 8439 0 -1
ciMethod java/awt/EventQueue postEvent (Ljava/awt/AWTEvent;)V 433 1 6082 0 -1
ciMethod sun/awt/AWTAccessor$EventQueueAccessor isDispatchThreadImpl (Ljava/awt/EventQueue;)Z 0 0 1 0 -1
ciMethod sun/awt/MostRecentKeyValue <init> (Ljava/lang/Object;Ljava/lang/Object;)V 17 1 2 0 -1
ciMethod sun/awt/MostRecentKeyValue setPair (Ljava/lang/Object;Ljava/lang/Object;)V 369 1 4028 0 -1
ciMethod java/awt/Frame getExtendedState ()I 1 1 5545 0 512
ciMethod java/awt/LayoutManager2 invalidateLayout (Ljava/awt/Container;)V 0 0 1 0 -1
ciMethod javax/swing/UIManager getLAFState ()Ljavax/swing/UIManager$LAFState; 2065 1 5403 0 192
ciMethod javax/swing/UIManager getDefaults ()Ljavax/swing/UIDefaults; 2049 1 59989 0 1088
ciMethod javax/swing/UIManager maybeInitialize ()V 2105 1 5557 0 928
ciMethod javax/swing/UIManager initialize ()V 9 1 1 0 -1
ciMethod java/beans/PropertyChangeEvent getPropertyName ()Ljava/lang/String; 1025 1 128 0 0
ciMethod java/beans/PropertyChangeEvent get